OCRTest/build/outputs/mapping/release/seeds.txt
edu.sfsu.cs.orange.ocr.BuildConfig
edu.sfsu.cs.orange.ocr.BuildConfig: boolean DEBUG
edu.sfsu.cs.orange.ocr.BuildConfig: java.lang.String APPLICATION_ID
edu.sfsu.cs.orange.ocr.BuildConfig: java.lang.String BUILD_TYPE
edu.sfsu.cs.orange.ocr.BuildConfig: java.lang.String FLAVOR
edu.sfsu.cs.orange.ocr.BuildConfig: int VERSION_CODE
edu.sfsu.cs.orange.ocr.BuildConfig: java.lang.String VERSION_NAME
edu.sfsu.cs.orange.ocr.BuildConfig: BuildConfig()
edu.sfsu.cs.orange.ocr.CaptureActivity
edu.sfsu.cs.orange.ocr.CaptureActivity: java.lang.String DEFAULT_SOURCE_LANGUAGE_CODE
edu.sfsu.cs.orange.ocr.CaptureActivity: java.lang.String DEFAULT_TARGET_LANGUAGE_CODE
edu.sfsu.cs.orange.ocr.CaptureActivity: java.lang.String DEFAULT_TRANSLATOR
edu.sfsu.cs.orange.ocr.CaptureActivity: java.lang.String DEFAULT_OCR_ENGINE_MODE
edu.sfsu.cs.orange.ocr.CaptureActivity: java.lang.String DEFAULT_PAGE_SEGMENTATION_MODE
edu.sfsu.cs.orange.ocr.CaptureActivity: boolean DEFAULT_TOGGLE_AUTO_FOCUS
edu.sfsu.cs.orange.ocr.CaptureActivity: boolean DEFAULT_DISABLE_CONTINUOUS_FOCUS
edu.sfsu.cs.orange.ocr.CaptureActivity: boolean DEFAULT_TOGGLE_BEEP
edu.sfsu.cs.orange.ocr.CaptureActivity: boolean DEFAULT_TOGGLE_CONTINUOUS
edu.sfsu.cs.orange.ocr.CaptureActivity: boolean DEFAULT_TOGGLE_REVERSED_IMAGE
edu.sfsu.cs.orange.ocr.CaptureActivity: boolean DEFAULT_TOGGLE_TRANSLATION
edu.sfsu.cs.orange.ocr.CaptureActivity: boolean DEFAULT_TOGGLE_LIGHT
edu.sfsu.cs.orange.ocr.CaptureActivity: boolean CONTINUOUS_DISPLAY_RECOGNIZED_TEXT
edu.sfsu.cs.orange.ocr.CaptureActivity: boolean CONTINUOUS_DISPLAY_METADATA
edu.sfsu.cs.orange.ocr.CaptureActivity: boolean DISPLAY_SHUTTER_BUTTON
edu.sfsu.cs.orange.ocr.CaptureActivity: boolean MUTE_ALL_DIALOGES
edu.sfsu.cs.orange.ocr.CaptureActivity: CaptureActivity()
edu.sfsu.cs.orange.ocr.CaptureActivity: boolean isEnforcedDefaultPreferences()
edu.sfsu.cs.orange.ocr.CaptureActivity: void onCreate(android.os.Bundle)
edu.sfsu.cs.orange.ocr.CaptureActivityHandler$State: edu.sfsu.cs.orange.ocr.CaptureActivityHandler$State[] values()
edu.sfsu.cs.orange.ocr.CaptureActivityHandler$State: edu.sfsu.cs.orange.ocr.CaptureActivityHandler$State valueOf(java.lang.String)
edu.sfsu.cs.orange.ocr.LuminanceSource
edu.sfsu.cs.orange.ocr.LuminanceSource: LuminanceSource(int,int)
edu.sfsu.cs.orange.ocr.LuminanceSource: byte[] getRow(int,byte[])
edu.sfsu.cs.orange.ocr.LuminanceSource: byte[] getMatrix()
edu.sfsu.cs.orange.ocr.LuminanceSource: int getWidth()
edu.sfsu.cs.orange.ocr.LuminanceSource: int getHeight()
edu.sfsu.cs.orange.ocr.LuminanceSource: boolean isCropSupported()
edu.sfsu.cs.orange.ocr.LuminanceSource: edu.sfsu.cs.orange.ocr.LuminanceSource crop(int,int,int,int)
edu.sfsu.cs.orange.ocr.LuminanceSource: boolean isRotateSupported()
edu.sfsu.cs.orange.ocr.LuminanceSource: edu.sfsu.cs.orange.ocr.LuminanceSource rotateCounterClockwise()